{"level":"info","message":"API running at http://localhost:3000","timestamp":"2024-08-29T18:25:09.365Z"}
{"level":"info","message":"Using Baileys version: 2,3000,1015901307, isLatest: true","timestamp":"2024-08-29T18:25:09.540Z"}
{"level":"info","message":"Successfully connected to WhatsApp!","timestamp":"2024-08-29T18:25:10.425Z"}
{"level":"info","message":"API running at http://localhost:3000","timestamp":"2024-08-29T18:29:33.461Z"}
{"level":"info","message":"Using Baileys version: 2,3000,1015901307, isLatest: true","timestamp":"2024-08-29T18:29:33.631Z"}
{"level":"info","message":"Successfully connected to WhatsApp!","timestamp":"2024-08-29T18:29:34.445Z"}
{"level":"info","message":"Message sent successfully to 45999517733","timestamp":"2024-08-29T18:29:52.631Z"}
{"level":"info","message":"Message sent successfully to 45999517733","timestamp":"2024-08-29T18:33:03.091Z"}
{"level":"info","message":"API running at http://localhost:3000","timestamp":"2024-08-29T18:33:40.051Z"}
{"level":"info","message":"Using Baileys version: 2,3000,1015901307, isLatest: true","timestamp":"2024-08-29T18:33:40.230Z"}
{"level":"info","message":"Successfully connected to WhatsApp!","timestamp":"2024-08-29T18:33:41.675Z"}
{"level":"info","message":"Message sent successfully to 45999517733","timestamp":"2024-08-29T18:33:48.204Z"}
{"level":"info","message":"API running at http://localhost:3000","timestamp":"2024-08-29T19:20:22.801Z"}
{"level":"info","message":"Using Baileys version: 2,3000,1015901307, isLatest: true","timestamp":"2024-08-29T19:20:23.051Z"}
{"level":"info","message":"Successfully connected to WhatsApp!","timestamp":"2024-08-29T19:20:23.936Z"}
{"level":"info","message":"Message sent successfully to 45999517733","timestamp":"2024-08-29T19:21:49.598Z"}
{"data":null,"isBoom":true,"isServer":false,"level":"info","message":"connection closed due to  Connection Terminated","output":{"headers":{},"payload":{"error":"Precondition Required","message":"Connection Terminated","statusCode":428},"statusCode":428},"stack":"Error: Connection Terminated\n    at WebSocketClient.<anonymous> (C:\\Users\\storm dev\\Desktop\\AULA LANDING PAGE\\API BOT\\node_modules\\@whiskeysockets\\baileys\\lib\\Socket\\socket.js:459:30)\n    at WebSocketClient.emit (node:events:519:28)\n    at WebSocketClient.emit (node:domain:488:12)\n    at WebSocket.<anonymous> (C:\\Users\\storm dev\\Desktop\\AULA LANDING PAGE\\API BOT\\node_modules\\@whiskeysockets\\baileys\\lib\\Socket\\Client\\web-socket-client.js:46:100)\n    at WebSocket.emit (node:events:519:28)\n    at WebSocket.emit (node:domain:488:12)\n    at WebSocket.emitClose (C:\\Users\\storm dev\\Desktop\\AULA LANDING PAGE\\API BOT\\node_modules\\ws\\lib\\websocket.js:272:10)\n    at TLSSocket.socketOnClose (C:\\Users\\storm dev\\Desktop\\AULA LANDING PAGE\\API BOT\\node_modules\\ws\\lib\\websocket.js:1341:15)\n    at TLSSocket.emit (node:events:531:35)\n    at TLSSocket.emit (node:domain:488:12)","timestamp":"2024-08-29T20:10:54.836Z"}
{"level":"info","message":"Using Baileys version: 2,3000,1015901307, isLatest: true","timestamp":"2024-08-29T20:10:54.927Z"}
{"level":"info","message":"Successfully connected to WhatsApp!","timestamp":"2024-08-29T20:10:55.746Z"}
{"data":null,"isBoom":true,"isServer":false,"level":"info","message":"connection closed due to  Connection Terminated","output":{"headers":{},"payload":{"error":"Precondition Required","message":"Connection Terminated","statusCode":428},"statusCode":428},"stack":"Error: Connection Terminated\n    at WebSocketClient.<anonymous> (C:\\Users\\storm dev\\Desktop\\AULA LANDING PAGE\\API BOT\\node_modules\\@whiskeysockets\\baileys\\lib\\Socket\\socket.js:459:30)\n    at WebSocketClient.emit (node:events:519:28)\n    at WebSocketClient.emit (node:domain:488:12)\n    at WebSocket.<anonymous> (C:\\Users\\storm dev\\Desktop\\AULA LANDING PAGE\\API BOT\\node_modules\\@whiskeysockets\\baileys\\lib\\Socket\\Client\\web-socket-client.js:46:100)\n    at WebSocket.emit (node:events:519:28)\n    at WebSocket.emit (node:domain:488:12)\n    at WebSocket.emitClose (C:\\Users\\storm dev\\Desktop\\AULA LANDING PAGE\\API BOT\\node_modules\\ws\\lib\\websocket.js:272:10)\n    at TLSSocket.socketOnClose (C:\\Users\\storm dev\\Desktop\\AULA LANDING PAGE\\API BOT\\node_modules\\ws\\lib\\websocket.js:1341:15)\n    at TLSSocket.emit (node:events:531:35)\n    at TLSSocket.emit (node:domain:488:12)","timestamp":"2024-08-29T21:04:27.733Z"}
{"level":"info","message":"Using Baileys version: 2,3000,1015901307, isLatest: true","timestamp":"2024-08-29T21:04:27.804Z"}
{"level":"info","message":"Successfully connected to WhatsApp!","timestamp":"2024-08-29T21:04:29.022Z"}
{"data":{"attrs":{"code":"503"},"tag":"stream:error"},"isBoom":true,"isServer":true,"level":"info","message":"connection closed due to  Stream Errored (unknown)","output":{"headers":{},"payload":{"error":"Service Unavailable","message":"Stream Errored (unknown)","statusCode":503},"statusCode":503},"stack":"Error: Stream Errored (unknown)\n    at WebSocketClient.<anonymous> (C:\\Users\\storm dev\\Desktop\\AULA LANDING PAGE\\API BOT\\node_modules\\@whiskeysockets\\baileys\\lib\\Socket\\socket.js:524:13)\n    at WebSocketClient.emit (node:events:519:28)\n    at WebSocketClient.emit (node:domain:488:12)\n    at C:\\Users\\storm dev\\Desktop\\AULA LANDING PAGE\\API BOT\\node_modules\\@whiskeysockets\\baileys\\lib\\Socket\\socket.js:241:35\n    at Object.decodeFrame (C:\\Users\\storm dev\\Desktop\\AULA LANDING PAGE\\API BOT\\node_modules\\@whiskeysockets\\baileys\\lib\\Utils\\noise-handler.js:149:17)\n    at processTicksAndRejections (node:internal/process/task_queues:95:5)","timestamp":"2024-08-29T21:23:28.979Z"}
{"level":"info","message":"Using Baileys version: 2,3000,1015901307, isLatest: true","timestamp":"2024-08-29T21:23:29.053Z"}
{"level":"info","message":"Successfully connected to WhatsApp!","timestamp":"2024-08-29T21:23:30.002Z"}
{"data":{"attrs":{"code":"503"},"tag":"stream:error"},"isBoom":true,"isServer":true,"level":"info","message":"connection closed due to  Stream Errored (unknown)","output":{"headers":{},"payload":{"error":"Service Unavailable","message":"Stream Errored (unknown)","statusCode":503},"statusCode":503},"stack":"Error: Stream Errored (unknown)\n    at WebSocketClient.<anonymous> (C:\\Users\\storm dev\\Desktop\\AULA LANDING PAGE\\API BOT\\node_modules\\@whiskeysockets\\baileys\\lib\\Socket\\socket.js:524:13)\n    at WebSocketClient.emit (node:events:519:28)\n    at WebSocketClient.emit (node:domain:488:12)\n    at C:\\Users\\storm dev\\Desktop\\AULA LANDING PAGE\\API BOT\\node_modules\\@whiskeysockets\\baileys\\lib\\Socket\\socket.js:241:35\n    at Object.decodeFrame (C:\\Users\\storm dev\\Desktop\\AULA LANDING PAGE\\API BOT\\node_modules\\@whiskeysockets\\baileys\\lib\\Utils\\noise-handler.js:149:17)\n    at processTicksAndRejections (node:internal/process/task_queues:95:5)","timestamp":"2024-08-30T13:17:44.566Z"}
{"level":"info","message":"Using Baileys version: 2,3000,1015901307, isLatest: true","timestamp":"2024-08-30T13:17:45.011Z"}
{"level":"info","message":"Successfully connected to WhatsApp!","timestamp":"2024-08-30T13:17:47.041Z"}
{"data":null,"isBoom":true,"isServer":false,"level":"info","message":"connection closed due to  Connection Terminated","output":{"headers":{},"payload":{"error":"Precondition Required","message":"Connection Terminated","statusCode":428},"statusCode":428},"stack":"Error: Connection Terminated\n    at WebSocketClient.<anonymous> (C:\\Users\\storm dev\\Desktop\\AULA LANDING PAGE\\API BOT\\node_modules\\@whiskeysockets\\baileys\\lib\\Socket\\socket.js:459:30)\n    at WebSocketClient.emit (node:events:519:28)\n    at WebSocketClient.emit (node:domain:488:12)\n    at WebSocket.<anonymous> (C:\\Users\\storm dev\\Desktop\\AULA LANDING PAGE\\API BOT\\node_modules\\@whiskeysockets\\baileys\\lib\\Socket\\Client\\web-socket-client.js:46:100)\n    at WebSocket.emit (node:events:519:28)\n    at WebSocket.emit (node:domain:488:12)\n    at WebSocket.emitClose (C:\\Users\\storm dev\\Desktop\\AULA LANDING PAGE\\API BOT\\node_modules\\ws\\lib\\websocket.js:272:10)\n    at TLSSocket.socketOnClose (C:\\Users\\storm dev\\Desktop\\AULA LANDING PAGE\\API BOT\\node_modules\\ws\\lib\\websocket.js:1341:15)\n    at TLSSocket.emit (node:events:531:35)\n    at TLSSocket.emit (node:domain:488:12)","timestamp":"2024-08-30T16:27:22.229Z"}
{"level":"info","message":"Using Baileys version: 2,3000,1015901307, isLatest: true","timestamp":"2024-08-30T16:27:22.630Z"}
{"level":"info","message":"Successfully connected to WhatsApp!","timestamp":"2024-08-30T16:27:23.464Z"}
{"data":null,"isBoom":true,"isServer":false,"level":"info","message":"connection closed due to  Connection Terminated","output":{"headers":{},"payload":{"error":"Precondition Required","message":"Connection Terminated","statusCode":428},"statusCode":428},"stack":"Error: Connection Terminated\n    at WebSocketClient.<anonymous> (C:\\Users\\storm dev\\Desktop\\AULA LANDING PAGE\\API BOT\\node_modules\\@whiskeysockets\\baileys\\lib\\Socket\\socket.js:459:30)\n    at WebSocketClient.emit (node:events:519:28)\n    at WebSocketClient.emit (node:domain:488:12)\n    at WebSocket.<anonymous> (C:\\Users\\storm dev\\Desktop\\AULA LANDING PAGE\\API BOT\\node_modules\\@whiskeysockets\\baileys\\lib\\Socket\\Client\\web-socket-client.js:46:100)\n    at WebSocket.emit (node:events:519:28)\n    at WebSocket.emit (node:domain:488:12)\n    at WebSocket.emitClose (C:\\Users\\storm dev\\Desktop\\AULA LANDING PAGE\\API BOT\\node_modules\\ws\\lib\\websocket.js:272:10)\n    at TLSSocket.socketOnClose (C:\\Users\\storm dev\\Desktop\\AULA LANDING PAGE\\API BOT\\node_modules\\ws\\lib\\websocket.js:1341:15)\n    at TLSSocket.emit (node:events:531:35)\n    at TLSSocket.emit (node:domain:488:12)","timestamp":"2024-08-30T18:28:02.617Z"}
{"level":"info","message":"Using Baileys version: 2,3000,1015901307, isLatest: true","timestamp":"2024-08-30T18:28:03.031Z"}
{"level":"info","message":"Successfully connected to WhatsApp!","timestamp":"2024-08-30T18:28:04.035Z"}
{"data":null,"isBoom":true,"isServer":false,"level":"info","message":"connection closed due to  Connection Terminated","output":{"headers":{},"payload":{"error":"Precondition Required","message":"Connection Terminated","statusCode":428},"statusCode":428},"stack":"Error: Connection Terminated\n    at WebSocketClient.<anonymous> (C:\\Users\\storm dev\\Desktop\\AULA LANDING PAGE\\API BOT\\node_modules\\@whiskeysockets\\baileys\\lib\\Socket\\socket.js:459:30)\n    at WebSocketClient.emit (node:events:519:28)\n    at WebSocketClient.emit (node:domain:488:12)\n    at WebSocket.<anonymous> (C:\\Users\\storm dev\\Desktop\\AULA LANDING PAGE\\API BOT\\node_modules\\@whiskeysockets\\baileys\\lib\\Socket\\Client\\web-socket-client.js:46:100)\n    at WebSocket.emit (node:events:519:28)\n    at WebSocket.emit (node:domain:488:12)\n    at WebSocket.emitClose (C:\\Users\\storm dev\\Desktop\\AULA LANDING PAGE\\API BOT\\node_modules\\ws\\lib\\websocket.js:272:10)\n    at Receiver.receiverOnFinish (C:\\Users\\storm dev\\Desktop\\AULA LANDING PAGE\\API BOT\\node_modules\\ws\\lib\\websocket.js:1209:20)\n    at Receiver.emit (node:events:519:28)\n    at Receiver.emit (node:domain:488:12)","timestamp":"2024-08-30T20:22:40.974Z"}
{"level":"info","message":"Using Baileys version: 2,3000,1015901307, isLatest: true","timestamp":"2024-08-30T20:22:41.194Z"}
{"level":"info","message":"Successfully connected to WhatsApp!","timestamp":"2024-08-30T20:22:42.352Z"}
{"data":{"attrs":{"code":"503"},"tag":"stream:error"},"isBoom":true,"isServer":true,"level":"info","message":"connection closed due to  Stream Errored (unknown)","output":{"headers":{},"payload":{"error":"Service Unavailable","message":"Stream Errored (unknown)","statusCode":503},"statusCode":503},"stack":"Error: Stream Errored (unknown)\n    at WebSocketClient.<anonymous> (C:\\Users\\storm dev\\Desktop\\AULA LANDING PAGE\\API BOT\\node_modules\\@whiskeysockets\\baileys\\lib\\Socket\\socket.js:524:13)\n    at WebSocketClient.emit (node:events:519:28)\n    at WebSocketClient.emit (node:domain:488:12)\n    at C:\\Users\\storm dev\\Desktop\\AULA LANDING PAGE\\API BOT\\node_modules\\@whiskeysockets\\baileys\\lib\\Socket\\socket.js:241:35\n    at Object.decodeFrame (C:\\Users\\storm dev\\Desktop\\AULA LANDING PAGE\\API BOT\\node_modules\\@whiskeysockets\\baileys\\lib\\Utils\\noise-handler.js:149:17)\n    at processTicksAndRejections (node:internal/process/task_queues:95:5)","timestamp":"2024-08-30T21:05:01.346Z"}
{"level":"info","message":"Using Baileys version: 2,3000,1015901307, isLatest: true","timestamp":"2024-08-30T21:05:01.525Z"}
{"level":"info","message":"Successfully connected to WhatsApp!","timestamp":"2024-08-30T21:05:03.270Z"}
{"level":"info","message":"API running at http://localhost:3000","timestamp":"2024-08-30T21:05:39.677Z"}
{"level":"info","message":"Using Baileys version: 2,3000,1015901307, isLatest: true","timestamp":"2024-08-30T21:05:39.874Z"}
{"level":"info","message":"Successfully connected to WhatsApp!","timestamp":"2024-08-30T21:05:40.863Z"}
{"level":"warn","message":"Number not found on WhatsApp: 4599517733","timestamp":"2024-08-30T21:06:04.669Z"}
{"level":"info","message":"Message sent successfully to 45999517733","timestamp":"2024-08-30T21:06:25.403Z"}
{"level":"info","message":"API running at http://localhost:3000","timestamp":"2024-09-30T01:30:36.306Z"}
{"level":"info","message":"Using Baileys version: 2,3000,1015901307, isLatest: true","timestamp":"2024-09-30T01:30:36.534Z"}
{"level":"info","message":"Successfully connected to WhatsApp!","timestamp":"2024-09-30T01:30:37.910Z"}
{"level":"info","message":"Message sent successfully to 45991098317","timestamp":"2024-09-30T01:31:25.410Z"}
{"level":"info","message":"API running at http://localhost:4000","timestamp":"2025-01-15T20:43:49.979Z"}
{"level":"info","message":"Using Baileys version: 2,3000,1017531287, isLatest: true","timestamp":"2025-01-15T20:43:50.233Z"}
{"data":{"location":"frc","reason":"401"},"isBoom":true,"isServer":false,"level":"info","message":"connection closed due to  Connection Failure","output":{"headers":{},"payload":{"error":"Unauthorized","message":"Connection Failure","statusCode":401},"statusCode":401},"stack":"Error: Connection Failure\n    at WebSocketClient.<anonymous> (E:\\AULA LANDING PAGE\\API BOT\\node_modules\\@whiskeysockets\\baileys\\lib\\Socket\\socket.js:529:13)\n    at WebSocketClient.emit (node:events:518:28)\n    at WebSocketClient.emit (node:domain:489:12)\n    at E:\\AULA LANDING PAGE\\API BOT\\node_modules\\@whiskeysockets\\baileys\\lib\\Socket\\socket.js:241:35\n    at Object.decodeFrame (E:\\AULA LANDING PAGE\\API BOT\\node_modules\\@whiskeysockets\\baileys\\lib\\Utils\\noise-handler.js:149:17)\n    at processTicksAndRejections (node:internal/process/task_queues:105:5)","timestamp":"2025-01-15T20:43:53.112Z"}
{"level":"info","message":"API running at http://localhost:4000","timestamp":"2025-01-15T20:44:18.108Z"}
{"level":"info","message":"Using Baileys version: 2,3000,1017531287, isLatest: true","timestamp":"2025-01-15T20:44:18.330Z"}
{"data":{"attrs":{"code":"515"},"tag":"stream:error"},"isBoom":true,"isServer":true,"level":"info","message":"connection closed due to  Stream Errored (restart required)","output":{"headers":{},"payload":{"error":"Unknown","message":"Stream Errored (restart required)","statusCode":515},"statusCode":515},"stack":"Error: Stream Errored (restart required)\n    at WebSocketClient.<anonymous> (E:\\AULA LANDING PAGE\\API BOT\\node_modules\\@whiskeysockets\\baileys\\lib\\Socket\\socket.js:524:13)\n    at WebSocketClient.emit (node:events:518:28)\n    at WebSocketClient.emit (node:domain:489:12)\n    at E:\\AULA LANDING PAGE\\API BOT\\node_modules\\@whiskeysockets\\baileys\\lib\\Socket\\socket.js:241:35\n    at Object.decodeFrame (E:\\AULA LANDING PAGE\\API BOT\\node_modules\\@whiskeysockets\\baileys\\lib\\Utils\\noise-handler.js:149:17)\n    at processTicksAndRejections (node:internal/process/task_queues:105:5)","timestamp":"2025-01-15T20:44:42.503Z"}
{"level":"info","message":"Using Baileys version: 2,3000,1017531287, isLatest: true","timestamp":"2025-01-15T20:44:42.583Z"}
{"level":"info","message":"Successfully connected to WhatsApp!","timestamp":"2025-01-15T20:44:45.253Z"}
{"level":"info","message":"API running at http://localhost:4000","timestamp":"2025-01-15T20:48:59.870Z"}
{"level":"info","message":"Using Baileys version: 2,3000,1017531287, isLatest: true","timestamp":"2025-01-15T20:49:00.069Z"}
{"level":"info","message":"Successfully connected to WhatsApp!","timestamp":"2025-01-15T20:49:01.411Z"}
{"level":"info","message":"Profile picture found for 5519993579408","timestamp":"2025-01-15T20:50:24.942Z"}
